\BOOKMARK [1][-]{section.1}{\376\377\000T\000h\000e\000\040\000b\000a\000t\000h\000t\000u\000b}{}% 1
\BOOKMARK [2][-]{subsection.1.1}{\376\377\000C\000o\000n\000s\000t\000a\000n\000t\000\040\000i\000n\000p\000u\000t}{section.1}% 2
\BOOKMARK [2][-]{subsection.1.2}{\376\377\000C\000o\000n\000s\000t\000a\000n\000t\000\040\000i\000n\000p\000u\000t\000\040\000a\000n\000d\000\040\000n\000o\000\040\000o\000u\000t\000p\000u\000t}{section.1}% 3
\BOOKMARK [2][-]{subsection.1.3}{\376\377\000V\000a\000r\000y\000i\000n\000g\000\040\000i\000n\000p\000u\000t}{section.1}% 4
\BOOKMARK [2][-]{subsection.1.4}{\376\377\000O\000u\000t\000p\000u\000t\000\040\000f\000l\000u\000x\000\040\000b\000u\000t\000\040\000n\000o\000\040\000i\000n\000p\000u\000t}{section.1}% 5
\BOOKMARK [1][-]{section.2}{\376\377\000M\000a\000l\000t\000h\000u\000s\000\040\000e\000q\000u\000a\000t\000i\000o\000n}{}% 6
\BOOKMARK [1][-]{section.3}{\376\377\000T\000h\000e\000\040\000l\000o\000g\000i\000s\000t\000i\000c\000\040\000e\000q\000u\000a\000t\000i\000o\000n}{}% 7
\BOOKMARK [2][-]{subsection.3.1}{\376\377\000S\000o\000l\000u\000t\000i\000o\000n}{section.3}% 8
\BOOKMARK [2][-]{subsection.3.2}{\376\377\000E\000q\000u\000i\000l\000i\000b\000r\000i\000a\000\040\000a\000n\000d\000\040\000s\000t\000a\000b\000i\000l\000i\000t\000y}{section.3}% 9
\BOOKMARK [1][-]{section.4}{\376\377\000L\000o\000g\000i\000s\000t\000i\000c\000\040\000e\000q\000u\000a\000t\000i\000o\000n\000\040\000w\000i\000t\000h\000\040\000p\000e\000r\000i\000o\000d\000i\000c\000\040\000c\000a\000r\000r\000y\000i\000n\000g\000\040\000c\000a\000p\000a\000c\000i\000t\000y}{}% 10
\BOOKMARK [2][-]{subsection.4.1}{\376\377\000S\000o\000l\000u\000t\000i\000o\000n}{section.4}% 11
\BOOKMARK [2][-]{subsection.4.2}{\376\377\000E\000q\000u\000i\000l\000i\000b\000r\000i\000a}{section.4}% 12
\BOOKMARK [1][-]{section.5}{\376\377\000P\000r\000e\000d\000a\000t\000o\000r\000-\000P\000r\000e\000y\000\040\000s\000y\000s\000t\000e\000m}{}% 13
\BOOKMARK [2][-]{subsection.5.1}{\376\377\000E\000q\000u\000i\000l\000i\000b\000r\000i\000u\000m\000\040\000p\000o\000i\000n\000t\000s}{section.5}% 14
\BOOKMARK [2][-]{subsection.5.2}{\376\377\000S\000t\000a\000b\000i\000l\000i\000t\000y}{section.5}% 15
\BOOKMARK [1][-]{section.6}{\376\377\000E\000p\000i\000d\000e\000m\000i\000o\000l\000o\000g\000i\000c\000a\000l\000\040\000m\000o\000d\000e\000l\000s}{}% 16
\BOOKMARK [2][-]{subsection.6.1}{\376\377\000N\000o\000r\000m\000a\000l\000i\000z\000a\000t\000i\000o\000n}{section.6}% 17
\BOOKMARK [2][-]{subsection.6.2}{\376\377\000V\000a\000c\000c\000i\000n\000a\000t\000i\000o\000n\000\040\000r\000a\000t\000e\000\040\000a\000n\000d\000\040\000t\000e\000m\000p\000o\000r\000a\000r\000y\000\040\000i\000m\000m\000u\000n\000i\000t\000y}{section.6}% 18
\BOOKMARK [2][-]{subsection.6.3}{\376\377\000E\000q\000u\000i\000l\000i\000b\000r\000i\000a}{section.6}% 19
\BOOKMARK [3][-]{subsubsection.6.3.1}{\376\377\000S\000t\000r\000u\000c\000t\000u\000r\000i\000n\000g\000\040\000t\000h\000e\000\040\000e\000q\000u\000i\000l\000i\000b\000r\000i\000a}{subsection.6.3}% 20
\BOOKMARK [2][-]{subsection.6.4}{\376\377\000S\000t\000a\000b\000i\000l\000i\000t\000y}{section.6}% 21
\BOOKMARK [1][-]{section.7}{\376\377\000E\000n\000z\000y\000m\000a\000t\000i\000c\000\040\000r\000e\000a\000c\000t\000i\000o\000n\000s}{}% 22
\BOOKMARK [2][-]{subsection.7.1}{\376\377\000R\000e\000a\000c\000t\000a\000n\000t\000\040\000a\000b\000u\000n\000d\000a\000n\000c\000e}{section.7}% 23
\BOOKMARK [3][-]{subsubsection.7.1.1}{\376\377\000E\000q\000u\000i\000l\000i\000b\000r\000i\000u\000m\000\040\000p\000o\000i\000n\000t\000s}{subsection.7.1}% 24
\BOOKMARK [2][-]{subsection.7.2}{\376\377\000S\000l\000o\000w\000e\000r\000\040\000t\000i\000m\000e\000-\000s\000c\000a\000l\000e}{section.7}% 25
\BOOKMARK [2][-]{subsection.7.3}{\376\377\000M\000i\000c\000h\000a\000e\000l\000i\000s\000\040\000M\000e\000n\000t\000e\000n\000'\000s\000\040\000L\000a\000w}{section.7}% 26
\BOOKMARK [2][-]{subsection.7.4}{\376\377\000E\000n\000z\000y\000m\000a\000t\000i\000c\000\040\000r\000e\000a\000c\000t\000i\000o\000n\000\040\000w\000i\000t\000h\000\040\000r\000e\000v\000e\000r\000s\000i\000b\000l\000e\000\040\000p\000r\000o\000d\000u\000c\000t\000i\000o\000n}{section.7}% 27
\BOOKMARK [3][-]{subsubsection.7.4.1}{\376\377\000N\000o\000r\000m\000a\000l\000i\000z\000a\000t\000i\000o\000n}{subsection.7.4}% 28
\BOOKMARK [3][-]{subsubsection.7.4.2}{\376\377\000E\000q\000u\000i\000l\000i\000b\000r\000i\000u\000m\000\040\000p\000o\000i\000n\000t\000s}{subsection.7.4}% 29
\BOOKMARK [3][-]{subsubsection.7.4.3}{\376\377\000Q\000u\000a\000s\000i\000-\000e\000q\000u\000i\000l\000i\000b\000r\000i\000u\000m}{subsection.7.4}% 30
\BOOKMARK [2][-]{subsection.7.5}{\376\377\000E\000n\000z\000y\000m\000a\000t\000i\000c\000\040\000i\000n\000h\000i\000b\000i\000t\000i\000o\000n}{section.7}% 31
\BOOKMARK [3][-]{subsubsection.7.5.1}{\376\377\000N\000o\000r\000m\000a\000l\000i\000z\000a\000t\000i\000o\000n}{subsection.7.5}% 32
\BOOKMARK [3][-]{subsubsection.7.5.2}{\376\377\000Q\000u\000a\000s\000i\000-\000e\000q\000u\000i\000l\000i\000b\000r\000i\000u\000m}{subsection.7.5}% 33
\BOOKMARK [3][-]{subsubsection.7.5.3}{\376\377\000R\000a\000t\000e\000\040\000o\000f\000\040\000p\000r\000o\000d\000u\000c\000t\000i\000o\000n\000\040\000o\000f\000\040\000t\000h\000e\000\040\000p\000r\000o\000d\000u\000c\000t}{subsection.7.5}% 34
\BOOKMARK [2][-]{subsection.7.6}{\376\377\000C\000o\000o\000p\000e\000r\000a\000t\000i\000v\000i\000t\000y}{section.7}% 35
\BOOKMARK [3][-]{subsubsection.7.6.1}{\376\377\000N\000o\000r\000m\000a\000l\000i\000z\000a\000t\000i\000o\000n}{subsection.7.6}% 36
\BOOKMARK [3][-]{subsubsection.7.6.2}{\376\377\000C\000h\000a\000n\000g\000i\000n\000g\000\040\000t\000i\000m\000e\000s\000c\000a\000l\000e}{subsection.7.6}% 37
\BOOKMARK [3][-]{subsubsection.7.6.3}{\376\377\000R\000a\000t\000e\000\040\000o\000f\000\040\000p\000r\000o\000d\000u\000c\000t\000i\000o\000n\000\040\000o\000f\000\040\000t\000h\000e\000\040\000p\000r\000o\000d\000u\000c\000t}{subsection.7.6}% 38
\BOOKMARK [1][-]{section.8}{\376\377\000M\000o\000l\000e\000c\000u\000l\000a\000r\000\040\000n\000e\000t\000w\000o\000r\000k\000s}{}% 39
\BOOKMARK [2][-]{subsection.8.1}{\376\377\000S\000i\000g\000n\000a\000l\000-\000r\000e\000s\000p\000o\000n\000s\000e\000\040\000m\000e\000c\000h\000a\000n\000i\000s\000m}{section.8}% 40
\BOOKMARK [3][-]{subsubsection.8.1.1}{\376\377\000L\000i\000n\000e\000a\000r\000\040\000r\000e\000s\000p\000o\000n\000s\000e}{subsection.8.1}% 41
\BOOKMARK [3][-]{subsubsection.8.1.2}{\376\377\000H\000y\000p\000e\000r\000b\000o\000l\000i\000c\000\040\000r\000e\000s\000p\000o\000n\000s\000e}{subsection.8.1}% 42
\BOOKMARK [2][-]{subsection.8.2}{\376\377\000A\000d\000a\000p\000t\000e\000d\000\040\000r\000e\000s\000p\000o\000n\000s\000e}{section.8}% 43
\BOOKMARK [3][-]{subsubsection.8.2.1}{\376\377\000S\000i\000g\000m\000o\000i\000d\000a\000l\000\040\000r\000e\000s\000p\000o\000n\000s\000e}{subsection.8.2}% 44
\BOOKMARK [2][-]{subsection.8.3}{\376\377\000F\000e\000e\000d\000b\000a\000c\000k\000\040\000l\000o\000o\000p\000s}{section.8}% 45
\BOOKMARK [3][-]{subsubsection.8.3.1}{\376\377\000P\000o\000s\000i\000t\000i\000v\000e\000\040\000f\000e\000e\000d\000b\000a\000c\000k\000\040\000l\000o\000o\000p\000\040\000\050\000s\000w\000i\000t\000c\000h\000\040\000w\000i\000t\000h\000\040\000m\000u\000t\000u\000a\000l\000\040\000i\000n\000h\000i\000b\000i\000t\000i\000o\000n\000\051}{subsection.8.3}% 46
\BOOKMARK [3][-]{subsubsection.8.3.2}{\376\377\000N\000e\000g\000a\000t\000i\000v\000e\000\040\000f\000e\000e\000d\000b\000a\000c\000k\000\040\000l\000o\000o\000p}{subsection.8.3}% 47
\BOOKMARK [3][-]{subsubsection.8.3.3}{\376\377\000M\000u\000l\000t\000i\000p\000l\000e\000\040\000n\000e\000g\000a\000t\000i\000v\000e\000\040\000f\000e\000e\000d\000b\000a\000c\000k\000\040\000l\000o\000o\000p}{subsection.8.3}% 48
