\BOOKMARK [1][-]{section.1}{\376\377\000D\000i\000f\000f\000e\000r\000e\000n\000t\000i\000a\000l\000\040\000e\000q\000u\000a\000t\000i\000o\000n\000s}{}% 1
\BOOKMARK [2][-]{subsection.1.1}{\376\377\000O\000r\000d\000i\000n\000a\000r\000y\000\040\000d\000i\000f\000f\000e\000r\000e\000n\000t\000i\000a\000l\000\040\000e\000q\000u\000a\000t\000i\000o\000n}{section.1}% 2
\BOOKMARK [2][-]{subsection.1.2}{\376\377\000C\000a\000u\000c\000h\000y\000\040\000p\000r\000o\000b\000l\000e\000m}{section.1}% 3
\BOOKMARK [2][-]{subsection.1.3}{\376\377\000A\000u\000t\000o\000n\000o\000m\000o\000u\000s\000\040\000e\000q\000u\000a\000t\000i\000o\000n\000s}{section.1}% 4
\BOOKMARK [2][-]{subsection.1.4}{\376\377\000S\000e\000p\000a\000r\000a\000b\000l\000e\000\040\000e\000q\000u\000a\000t\000i\000o\000n\000s}{section.1}% 5
\BOOKMARK [3][-]{subsubsection.1.4.1}{\376\377\000S\000e\000p\000a\000r\000a\000b\000i\000l\000i\000t\000y}{subsection.1.4}% 6
\BOOKMARK [2][-]{subsection.1.5}{\376\377\000L\000i\000n\000e\000a\000r\000\040\000O\000D\000E}{section.1}% 7
\BOOKMARK [2][-]{subsection.1.6}{\376\377\000D\000i\000r\000e\000c\000t\000i\000o\000n\000\040\000f\000i\000e\000l\000d}{section.1}% 8
\BOOKMARK [2][-]{subsection.1.7}{\376\377\000A\000u\000t\000o\000n\000o\000m\000o\000u\000s\000\040\000e\000q\000u\000a\000t\000i\000o\000n\000s}{section.1}% 9
\BOOKMARK [2][-]{subsection.1.8}{\376\377\000E\000q\000u\000i\000l\000i\000b\000r\000i\000u\000m\000\040\000p\000o\000i\000n\000t\000s}{section.1}% 10
\BOOKMARK [3][-]{subsubsection.1.8.1}{\376\377\000S\000t\000a\000b\000i\000l\000i\000t\000y}{subsection.1.8}% 11
\BOOKMARK [1][-]{section.2}{\376\377\000S\000y\000s\000t\000e\000m\000s\000\040\000o\000f\000\040\000O\000D\000E\000s}{}% 12
\BOOKMARK [2][-]{subsection.2.1}{\376\377\000H\000o\000m\000o\000g\000e\000n\000e\000o\000u\000s\000\040\000l\000i\000n\000e\000a\000r\000\040\000s\000y\000s\000t\000e\000m\000s}{section.2}% 13
\BOOKMARK [3][-]{subsubsection.2.1.1}{\376\377\000E\000q\000u\000i\000l\000i\000b\000r\000i\000u\000m\000\040\000p\000o\000i\000n\000t\000s}{subsection.2.1}% 14
\BOOKMARK [3][-]{subsubsection.2.1.2}{\376\377\000S\000t\000a\000b\000i\000l\000i\000t\000y}{subsection.2.1}% 15
\BOOKMARK [3][-]{subsubsection.2.1.3}{\376\377\000C\000o\000m\000p\000l\000e\000x\000\040\000c\000o\000n\000j\000u\000g\000a\000t\000e\000\040\000e\000i\000g\000e\000n\000v\000a\000l\000u\000e\000s}{subsection.2.1}% 16
\BOOKMARK [3][-]{subsubsection.2.1.4}{\376\377\000F\000a\000s\000t\000\040\000c\000r\000i\000t\000e\000r\000i\000a\000\040\000f\000o\000r\000\040\000s\000t\000a\000b\000i\000l\000i\000t\000y}{subsection.2.1}% 17
\BOOKMARK [2][-]{subsection.2.2}{\376\377\000N\000o\000n\000-\000h\000o\000m\000o\000g\000e\000n\000e\000o\000u\000s\000\040\000l\000i\000n\000e\000a\000r\000\040\000s\000y\000s\000t\000e\000m\000s}{section.2}% 18
\BOOKMARK [3][-]{subsubsection.2.2.1}{\376\377\000S\000o\000l\000u\000t\000i\000o\000n}{subsection.2.2}% 19
\BOOKMARK [3][-]{subsubsection.2.2.2}{\376\377\000E\000q\000u\000i\000l\000i\000b\000r\000i\000a}{subsection.2.2}% 20
\BOOKMARK [3][-]{subsubsection.2.2.3}{\376\377\000S\000t\000a\000b\000i\000l\000i\000t\000y}{subsection.2.2}% 21
\BOOKMARK [2][-]{subsection.2.3}{\376\377\000N\000o\000n\000-\000l\000i\000n\000e\000a\000r\000\040\000s\000y\000s\000t\000e\000m\000s\000\040\000a\000n\000d\000\040\000l\000i\000n\000e\000a\000r\000i\000z\000a\000t\000i\000o\000n}{section.2}% 22
\BOOKMARK [1][-]{section.3}{\376\377\000T\000i\000k\000h\000o\000n\000o\000v\000'\000s\000\040\000t\000h\000e\000o\000r\000e\000m}{}% 23
