\BOOKMARK [0][-]{chapter.1}{\376\377\000I\000n\000t\000r\000o\000d\000u\000c\000t\000i\000o\000n\000\040\000t\000o\000\040\000o\000r\000d\000i\000n\000a\000r\000y\000\040\000d\000i\000f\000f\000e\000r\000e\000n\000t\000i\000a\000l\000\040\000e\000q\000u\000a\000t\000i\000o\000n\000s}{}% 1
\BOOKMARK [1][-]{section.1.1}{\376\377\000G\000e\000n\000e\000r\000a\000l\000\040\000c\000o\000n\000c\000e\000p\000t\000s\000\040\000a\000n\000d\000\040\000m\000e\000t\000h\000o\000d\000s}{chapter.1}% 2
\BOOKMARK [2][-]{subsection.1.1.1}{\376\377\000F\000i\000r\000s\000t\000\040\000o\000r\000d\000e\000r\000\040\000d\000i\000f\000f\000e\000r\000e\000n\000t\000i\000a\000l\000\040\000e\000q\000u\000a\000t\000i\000o\000n\000s}{section.1.1}% 3
\BOOKMARK [2][-]{subsection.1.1.2}{\376\377\000D\000i\000r\000e\000c\000t\000i\000o\000n\000\040\000f\000i\000e\000l\000d\000s}{section.1.1}% 4
\BOOKMARK [2][-]{subsection.1.1.3}{\376\377\000E\000q\000u\000i\000l\000i\000b\000r\000i\000a}{section.1.1}% 5
\BOOKMARK [1][-]{section.1.2}{\376\377\000S\000o\000l\000u\000t\000i\000o\000n\000\040\000t\000h\000r\000o\000u\000g\000h\000\040\000s\000e\000p\000a\000r\000a\000t\000i\000o\000n\000\040\000o\000f\000\040\000v\000a\000r\000i\000a\000b\000l\000e\000s}{chapter.1}% 6
\BOOKMARK [2][-]{subsection.1.2.1}{\376\377\000E\000q\000u\000a\000t\000i\000o\000n\000s\000\040\000i\000n\000\040\000w\000h\000i\000c\000h\000\040\000t\000h\000e\000\040\000r\000i\000g\000h\000t\000\040\000h\000a\000n\000d\000-\000s\000i\000d\000e\000\040\000d\000o\000e\000s\000\040\000n\000o\000t\000\040\000d\000e\000p\000e\000n\000d\000\040\000o\000n\000\040\000y}{section.1.2}% 7
\BOOKMARK [2][-]{subsection.1.2.2}{\376\377\000S\000e\000p\000a\000r\000a\000b\000l\000e\000\040\000e\000q\000u\000a\000t\000i\000o\000n\000s}{section.1.2}% 8
\BOOKMARK [2][-]{subsection.1.2.3}{\376\377\000L\000i\000n\000e\000a\000r\000\040\000e\000q\000u\000a\000t\000i\000o\000n\000s}{section.1.2}% 9
\BOOKMARK [2][-]{subsection.1.2.4}{\376\377\000S\000e\000p\000a\000r\000a\000b\000l\000e\000\040\000e\000q\000u\000a\000t\000i\000o\000n\000s\000\040\000t\000h\000a\000t\000\040\000c\000a\000n\000n\000o\000t\000\040\000b\000e\000\040\000s\000o\000l\000v\000e\000d}{section.1.2}% 10
\BOOKMARK [1][-]{section.1.3}{\376\377\000S\000y\000s\000t\000e\000m\000s\000\040\000o\000f\000\040\000d\000i\000f\000f\000e\000r\000e\000n\000t\000i\000a\000l\000\040\000e\000q\000u\000a\000t\000i\000o\000n\000s}{chapter.1}% 11
\BOOKMARK [2][-]{subsection.1.3.1}{\376\377\000V\000e\000c\000t\000o\000r\000\040\000f\000i\000e\000l\000d\000\040\000a\000n\000d\000\040\000i\000s\000o\000c\000l\000i\000n\000e\000s}{section.1.3}% 12
\BOOKMARK [1][-]{section.1.4}{\376\377\000E\000q\000u\000i\000l\000i\000b\000r\000i\000a\000\040\000o\000f\000\040\000d\000i\000f\000f\000e\000r\000e\000n\000t\000i\000a\000l\000\040\000e\000q\000u\000a\000t\000i\000o\000n\000s\000\040\000a\000n\000d\000\040\000t\000h\000e\000i\000r\000\040\000s\000t\000a\000b\000i\000l\000i\000t\000y}{chapter.1}% 13
\BOOKMARK [2][-]{subsection.1.4.1}{\376\377\000S\000t\000a\000b\000i\000l\000i\000t\000y}{section.1.4}% 14
\BOOKMARK [2][-]{subsection.1.4.2}{\376\377\000A\000s\000y\000m\000p\000o\000t\000i\000c\000a\000l\000\040\000s\000t\000a\000b\000i\000l\000i\000t\000y}{section.1.4}% 15
\BOOKMARK [2][-]{subsection.1.4.3}{\376\377\000U\000n\000s\000t\000a\000b\000i\000l\000i\000t\000y}{section.1.4}% 16
\BOOKMARK [2][-]{subsection.1.4.4}{\376\377\000C\000o\000n\000d\000i\000t\000i\000o\000n\000\040\000o\000f\000\040\000s\000t\000a\000b\000i\000l\000i\000t\000y}{section.1.4}% 17
\BOOKMARK [2][-]{subsection.1.4.5}{\376\377\000L\000i\000n\000e\000a\000r\000i\000z\000e\000d\000\040\000s\000t\000a\000b\000i\000l\000i\000t\000y\000\040\000f\000o\000r\000\040\000s\000y\000s\000t\000e\000m\000s\000\040\000o\000f\000\040\000d\000i\000f\000f\000e\000r\000e\000n\000t\000i\000a\000l\000\040\000e\000q\000u\000a\000t\000i\000o\000n\000s}{section.1.4}% 18
\BOOKMARK [2][-]{subsection.1.4.6}{\376\377\000L\000i\000n\000e\000a\000r\000\040\000s\000y\000s\000t\000e\000m\000s}{section.1.4}% 19
\BOOKMARK [1][-]{section.1.5}{\376\377\000V\000i\000d\000e\000o}{chapter.1}% 20
\BOOKMARK [2][-]{subsection.1.5.1}{\376\377\000W\000h\000a\000t\000\040\000i\000s\000\040\000a\000\040\000d\000i\000f\000f\000e\000r\000e\000n\000t\000i\000a\000l\000\040\000e\000q\000u\000a\000t\000i\000o\000n}{section.1.5}% 21
\BOOKMARK [2][-]{subsection.1.5.2}{\376\377\000A\000\040\000s\000o\000l\000u\000t\000i\000o\000n\000\040\000o\000f\000\040\000a\000\040\000d\000i\000f\000f\000e\000r\000e\000n\000t\000i\000a\000l\000\040\000e\000q\000u\000a\000t\000i\000o\000n}{section.1.5}% 22
\BOOKMARK [0][-]{chapter.2}{\376\377\000B\000i\000o\000l\000o\000g\000i\000c\000a\000l\000\040\000m\000o\000d\000e\000l\000s\000\040\000b\000a\000s\000e\000d\000\040\000o\000n\000\040\000d\000i\000f\000f\000e\000r\000e\000n\000t\000i\000a\000l\000\040\000e\000q\000u\000a\000t\000i\000o\000n\000s}{}% 23
\BOOKMARK [1][-]{section.2.1}{\376\377\000T\000h\000e\000\040\000b\000a\000t\000h\000t\000u\000b}{chapter.2}% 24
\BOOKMARK [2][-]{subsection.2.1.1}{\376\377\000A\000n\000\040\000e\000x\000a\000m\000p\000l\000e}{section.2.1}% 25
\BOOKMARK [1][-]{section.2.2}{\376\377\000M\000a\000l\000t\000h\000u\000s\000\040\000e\000q\000u\000a\000t\000i\000o\000n}{chapter.2}% 26
